
Circuit 1 cell sky130_fd_pr__nfet_01v8 and Circuit 2 cell sky130_fd_pr__nfet_01v8 are black boxes.
Warning: Equate pins:  cell sky130_fd_pr__nfet_01v8 is a placeholder, treated as a black box.
Warning: Equate pins:  cell sky130_fd_pr__nfet_01v8 is a placeholder, treated as a black box.

Subcircuit pins:
Circuit 1: sky130_fd_pr__nfet_01v8         |Circuit 2: sky130_fd_pr__nfet_01v8         
-------------------------------------------|-------------------------------------------
1                                          |1                                          
2                                          |2                                          
3                                          |3                                          
4                                          |4                                          
---------------------------------------------------------------------------------------
Cell pin lists are equivalent.
Device classes sky130_fd_pr__nfet_01v8 and sky130_fd_pr__nfet_01v8 are equivalent.

Circuit 1 cell sky130_fd_pr__pfet_01v8 and Circuit 2 cell sky130_fd_pr__pfet_01v8 are black boxes.
Warning: Equate pins:  cell sky130_fd_pr__pfet_01v8 is a placeholder, treated as a black box.
Warning: Equate pins:  cell sky130_fd_pr__pfet_01v8 is a placeholder, treated as a black box.

Subcircuit pins:
Circuit 1: sky130_fd_pr__pfet_01v8         |Circuit 2: sky130_fd_pr__pfet_01v8         
-------------------------------------------|-------------------------------------------
1                                          |1                                          
2                                          |2                                          
3                                          |3                                          
4                                          |4                                          
---------------------------------------------------------------------------------------
Cell pin lists are equivalent.
Device classes sky130_fd_pr__pfet_01v8 and sky130_fd_pr__pfet_01v8 are equivalent.
Flattening unmatched subcell sky130_fd_pr__nfet_01v8_6H9P4D in circuit tristate_inverter (0)(4 instances)
Flattening unmatched subcell sky130_fd_pr__pfet_01v8_2K9SAN in circuit tristate_inverter (0)(4 instances)

Class tristate_inverter (0):  Merged 4 parallel devices.
Subcircuit summary:
Circuit 1: tristate_inverter               |Circuit 2: tristate_inverter               
-------------------------------------------|-------------------------------------------
sky130_fd_pr__nfet_01v8 (4->2)             |sky130_fd_pr__nfet_01v8 (2)                
sky130_fd_pr__pfet_01v8 (4->2)             |sky130_fd_pr__pfet_01v8 (2)                
Number of devices: 4                       |Number of devices: 4                       
Number of nets: 8                          |Number of nets: 8                          
---------------------------------------------------------------------------------------
Netlists match uniquely.

Subcircuit pins:
Circuit 1: tristate_inverter               |Circuit 2: tristate_inverter               
-------------------------------------------|-------------------------------------------
nen                                        |nen                                        
en                                         |en                                         
out                                        |out                                        
in                                         |in                                         
VDD                                        |VDD                                        
VSS                                        |VSS                                        
---------------------------------------------------------------------------------------
Cell pin lists are equivalent.
Device classes tristate_inverter and tristate_inverter are equivalent.
Flattening unmatched subcell inverter_3_1 in circuit variable_delay_unit (0)(2 instances)
Flattening unmatched subcell sky130_fd_pr__nfet_01v8_6H9P4D in circuit variable_delay_unit (0)(2 instances)
Flattening unmatched subcell sky130_fd_pr__pfet_01v8_2K9SAN in circuit variable_delay_unit (0)(2 instances)
Flattening unmatched subcell inverter_2 in circuit variable_delay_unit (1)(2 instances)

Subcircuit summary:
Circuit 1: variable_delay_unit             |Circuit 2: variable_delay_unit             
-------------------------------------------|-------------------------------------------
sky130_fd_pr__nfet_01v8 (2)                |sky130_fd_pr__nfet_01v8 (2)                
sky130_fd_pr__pfet_01v8 (2)                |sky130_fd_pr__pfet_01v8 (2)                
tristate_inverter (2)                      |tristate_inverter (2)                      
Number of devices: 6                       |Number of devices: 6                       
Number of nets: 8                          |Number of nets: 8                          
---------------------------------------------------------------------------------------
Netlists match uniquely.

Subcircuit pins:
Circuit 1: variable_delay_unit             |Circuit 2: variable_delay_unit             
-------------------------------------------|-------------------------------------------
back                                       |back                                       
en                                         |en                                         
out                                        |out                                        
in                                         |in                                         
forward                                    |forward                                    
VDD                                        |VDD                                        
VSS                                        |VSS                                        
---------------------------------------------------------------------------------------
Cell pin lists are equivalent.
Device classes variable_delay_unit and variable_delay_unit are equivalent.

Subcircuit summary:
Circuit 1: variable_delay_short            |Circuit 2: variable_delay_short            
-------------------------------------------|-------------------------------------------
variable_delay_unit (6)                    |variable_delay_unit (6)                    
Number of devices: 6                       |Number of devices: 6                       
Number of nets: 20                         |Number of nets: 20                         
---------------------------------------------------------------------------------------
Netlists match uniquely.

Subcircuit pins:
Circuit 1: variable_delay_short            |Circuit 2: variable_delay_short            
-------------------------------------------|-------------------------------------------
VDD                                        |VDD                                        
VSS                                        |VSS                                        
in                                         |in                                         
en_0                                       |en_0                                       
out                                        |out                                        
en_1                                       |en_1                                       
en_4                                       |en_4                                       
en_2                                       |en_2                                       
en_3                                       |en_3                                       
---------------------------------------------------------------------------------------
Cell pin lists are equivalent.
Device classes variable_delay_short and variable_delay_short are equivalent.

Final result: Circuits match uniquely.
.
